2016-06-06 14:48:16,140 [main] INFO  c.g.t.t.d.PublishedGradleVersions - Gradle version information cache file is not available. Remote download required.
2016-06-07 17:48:01,727 [main] INFO  c.g.t.t.d.PublishedGradleVersions - Gradle version information cache file is out-of-date. Remote download required.
2016-12-12 13:31:40,330 [Worker-1] INFO  c.g.t.t.d.PublishedGradleVersions - Gradle version information cache is up-to-date. Trying to read.
2017-02-06 15:45:38,633 [Worker-0] INFO  c.g.t.t.d.PublishedGradleVersions - Gradle version information cache is up-to-date. Trying to read.
2017-02-06 16:56:17,158 [Worker-0] INFO  c.g.t.t.d.PublishedGradleVersions - Gradle version information cache is up-to-date. Trying to read.
2017-02-06 17:07:28,801 [Worker-1] INFO  c.g.t.t.d.PublishedGradleVersions - Gradle version information cache is up-to-date. Trying to read.
2017-02-06 19:13:05,608 [Worker-48] INFO  o.e.m.c.i.l.LifecycleMappingFactory - Using org.eclipse.m2e.jdt.JarLifecycleMapping lifecycle mapping for MavenProject: dude:dude:1.0.0-SNAPSHOT @ /Users/radum/home/tools/dude/dude/pom.xml.
2017-02-06 19:13:06,212 [Worker-48] INFO  o.e.m.j.i.AbstractJavaProjectConfigurator - Adding source folder /dude/src
2017-02-06 19:13:06,220 [Worker-48] INFO  o.e.m.j.i.AbstractJavaProjectConfigurator - Resources folder /dude/src overlaps with sources folder /dude/src
2017-02-06 19:13:06,304 [Worker-48] INFO  o.e.m.j.i.AbstractJavaProjectConfigurator - Not adding source folder /dude/src/test/java because it overlaps with /dude/src
2017-02-06 19:13:06,400 [Worker-48] INFO  o.e.m.c.i.p.ProjectConfigurationManager - Update started
2017-02-06 19:13:06,810 [Worker-48] INFO  o.e.m.c.i.l.LifecycleMappingFactory - Using org.eclipse.m2e.jdt.JarLifecycleMapping lifecycle mapping for MavenProject: dude:dude:1.0.0-SNAPSHOT @ /Users/radum/home/tools/dude/dude/pom.xml.
2017-02-06 19:13:07,408 [Worker-48] INFO  o.e.m.j.i.AbstractJavaProjectConfigurator - Adding source folder /dude/src
2017-02-06 19:13:07,408 [Worker-48] INFO  o.e.m.j.i.AbstractJavaProjectConfigurator - Resources folder /dude/src overlaps with sources folder /dude/src
2017-02-06 19:13:07,415 [Worker-48] INFO  o.e.m.j.i.AbstractJavaProjectConfigurator - Not adding source folder /dude/src/test/java because it overlaps with /dude/src
2017-02-06 19:13:07,479 [Worker-48] INFO  o.e.m.c.i.p.ProjectConfigurationManager - Update completed: 1 sec
2017-02-06 19:13:07,869 [Worker-40] WARN  o.e.m.c.i.embedder.EclipseLogger - Using platform encoding (UTF-8 actually) to copy filtered resources, i.e. build is platform dependent!
2017-02-06 19:13:07,895 [Worker-40] INFO  o.e.m.c.i.embedder.EclipseLogger - Copying 0 resource
2017-02-06 19:13:07,898 [Worker-40] WARN  o.e.m.c.i.embedder.EclipseLogger - Using platform encoding (UTF-8 actually) to copy filtered resources, i.e. build is platform dependent!
2017-02-06 19:13:07,898 [Worker-40] INFO  o.e.m.c.i.embedder.EclipseLogger - skip non existing resourceDirectory /Users/radum/home/tools/dude/dude/src/test/resources
2017-02-06 19:13:33,558 [Worker-50] INFO  o.e.m.i.launch.MavenLaunchDelegate - /Users/radum/home/tools/dude/dude
2017-02-06 19:13:33,559 [Worker-50] INFO  o.e.m.i.launch.MavenLaunchDelegate -  mvn -B install
2017-02-06 19:13:37,628 [Worker-51] WARN  o.e.m.c.i.embedder.EclipseLogger - Using platform encoding (UTF-8 actually) to copy filtered resources, i.e. build is platform dependent!
2017-02-06 19:13:37,633 [Worker-51] INFO  o.e.m.c.i.embedder.EclipseLogger - Copying 0 resource
2017-02-06 19:13:37,635 [Worker-51] WARN  o.e.m.c.i.embedder.EclipseLogger - Using platform encoding (UTF-8 actually) to copy filtered resources, i.e. build is platform dependent!
2017-02-06 19:13:37,635 [Worker-51] INFO  o.e.m.c.i.embedder.EclipseLogger - skip non existing resourceDirectory /Users/radum/home/tools/dude/dude/src/test/resources
2017-02-06 19:19:47,169 [Worker-55] INFO  o.e.m.i.launch.MavenLaunchDelegate - /Users/radum/home/tools/dude/dude
2017-02-06 19:19:47,169 [Worker-55] INFO  o.e.m.i.launch.MavenLaunchDelegate -  mvn -B clean
2017-02-06 19:19:49,457 [Worker-63] WARN  o.e.m.c.i.embedder.EclipseLogger - Using platform encoding (UTF-8 actually) to copy filtered resources, i.e. build is platform dependent!
2017-02-06 19:19:49,470 [Worker-63] INFO  o.e.m.c.i.embedder.EclipseLogger - Copying 0 resource
2017-02-06 19:19:49,472 [Worker-63] WARN  o.e.m.c.i.embedder.EclipseLogger - Using platform encoding (UTF-8 actually) to copy filtered resources, i.e. build is platform dependent!
2017-02-06 19:19:49,472 [Worker-63] INFO  o.e.m.c.i.embedder.EclipseLogger - skip non existing resourceDirectory /Users/radum/home/tools/dude/dude/src/test/resources
2017-02-06 19:20:01,000 [Worker-48] INFO  o.e.m.i.launch.MavenLaunchDelegate - /Users/radum/home/tools/dude/dude
2017-02-06 19:20:01,001 [Worker-48] INFO  o.e.m.i.launch.MavenLaunchDelegate -  mvn -B install
2017-02-06 19:20:07,860 [Worker-63] WARN  o.e.m.c.i.embedder.EclipseLogger - Using platform encoding (UTF-8 actually) to copy filtered resources, i.e. build is platform dependent!
2017-02-06 19:20:07,863 [Worker-63] INFO  o.e.m.c.i.embedder.EclipseLogger - Copying 0 resource
2017-02-06 19:20:07,865 [Worker-63] WARN  o.e.m.c.i.embedder.EclipseLogger - Using platform encoding (UTF-8 actually) to copy filtered resources, i.e. build is platform dependent!
2017-02-06 19:20:07,866 [Worker-63] INFO  o.e.m.c.i.embedder.EclipseLogger - skip non existing resourceDirectory /Users/radum/home/tools/dude/dude/src/test/resources
2017-02-06 19:21:52,528 [Worker-58] INFO  o.e.m.c.i.l.LifecycleMappingFactory - Using org.eclipse.m2e.jdt.JarLifecycleMapping lifecycle mapping for MavenProject: dude:dude:1.0.0-SNAPSHOT @ /Users/radum/home/tools/dude/dude/pom.xml.
2017-02-06 19:21:52,811 [Worker-58] WARN  o.e.m.c.i.embedder.EclipseLogger - Using platform encoding (UTF-8 actually) to copy filtered resources, i.e. build is platform dependent!
2017-02-06 19:21:52,814 [Worker-58] INFO  o.e.m.c.i.embedder.EclipseLogger - Copying 0 resource
2017-02-06 19:21:52,817 [Worker-58] WARN  o.e.m.c.i.embedder.EclipseLogger - Using platform encoding (UTF-8 actually) to copy filtered resources, i.e. build is platform dependent!
2017-02-06 19:21:52,818 [Worker-58] INFO  o.e.m.c.i.embedder.EclipseLogger - skip non existing resourceDirectory /Users/radum/home/tools/dude/dude/src/test/resources
2017-02-06 19:21:54,029 [Worker-63] WARN  o.e.m.c.i.embedder.EclipseLogger - Using platform encoding (UTF-8 actually) to copy filtered resources, i.e. build is platform dependent!
2017-02-06 19:21:54,038 [Worker-63] INFO  o.e.m.c.i.embedder.EclipseLogger - Copying 0 resource
2017-02-06 19:21:54,041 [Worker-63] WARN  o.e.m.c.i.embedder.EclipseLogger - Using platform encoding (UTF-8 actually) to copy filtered resources, i.e. build is platform dependent!
2017-02-06 19:21:54,041 [Worker-63] INFO  o.e.m.c.i.embedder.EclipseLogger - skip non existing resourceDirectory /Users/radum/home/tools/dude/dude/src/test/resources
2017-02-06 19:22:34,853 [Worker-55] INFO  o.e.m.i.launch.MavenLaunchDelegate - /Users/radum/home/tools/dude/dude
2017-02-06 19:22:34,853 [Worker-55] INFO  o.e.m.i.launch.MavenLaunchDelegate -  mvn -B clean
2017-02-06 19:23:00,876 [Worker-63] INFO  o.e.m.c.i.l.LifecycleMappingFactory - Using org.eclipse.m2e.jdt.JarLifecycleMapping lifecycle mapping for MavenProject: dude:dude:1.0.0-SNAPSHOT @ /Users/radum/home/tools/dude/dude/pom.xml.
2017-02-06 19:23:02,045 [Worker-63] INFO  o.e.m.c.i.e.AbstractTransferListenerAdapter - Downloaded https://repo.maven.apache.org/maven2/com/google/code/gson/gson/2.5=6.2/gson-2.5=6.2.pom
2017-02-06 19:23:02,052 [Worker-63] WARN  o.e.m.c.i.embedder.EclipseLogger - The POM for com.google.code.gson:gson:jar:2.5=6.2 is missing, no dependency information available
2017-02-06 19:23:02,865 [Worker-63] INFO  o.e.m.c.i.e.AbstractTransferListenerAdapter - Downloaded https://repo.maven.apache.org/maven2/com/google/code/gson/gson/2.5=6.2/gson-2.5=6.2.jar
2017-02-06 19:23:02,954 [Worker-55] WARN  o.e.m.c.i.embedder.EclipseLogger - The POM for com.google.code.gson:gson:jar:2.5=6.2 is missing, no dependency information available
2017-02-06 19:23:03,013 [Worker-55] WARN  o.e.m.c.i.embedder.EclipseLogger - The POM for com.google.code.gson:gson:jar:2.5=6.2 is missing, no dependency information available
2017-02-06 19:23:03,066 [Worker-63] WARN  o.e.m.c.i.embedder.EclipseLogger - Using platform encoding (UTF-8 actually) to copy filtered resources, i.e. build is platform dependent!
2017-02-06 19:23:03,069 [Worker-63] INFO  o.e.m.c.i.embedder.EclipseLogger - Copying 0 resource
2017-02-06 19:23:03,073 [Worker-63] WARN  o.e.m.c.i.embedder.EclipseLogger - Using platform encoding (UTF-8 actually) to copy filtered resources, i.e. build is platform dependent!
2017-02-06 19:23:03,078 [Worker-63] INFO  o.e.m.c.i.embedder.EclipseLogger - skip non existing resourceDirectory /Users/radum/home/tools/dude/dude/src/test/resources
2017-02-06 19:25:08,199 [Worker-63] INFO  o.e.m.c.i.l.LifecycleMappingFactory - Using org.eclipse.m2e.jdt.JarLifecycleMapping lifecycle mapping for MavenProject: dude:dude:1.0.0-SNAPSHOT @ /Users/radum/home/tools/dude/dude/pom.xml.
2017-02-06 19:25:08,201 [Worker-63] WARN  o.e.m.c.i.embedder.EclipseLogger - The POM for com.google.code.gson:gson:jar:2.5=6.2 is missing, no dependency information available
2017-02-06 19:25:08,348 [Worker-63] WARN  o.e.m.c.i.embedder.EclipseLogger - Using platform encoding (UTF-8 actually) to copy filtered resources, i.e. build is platform dependent!
2017-02-06 19:25:08,350 [Worker-63] INFO  o.e.m.c.i.embedder.EclipseLogger - Copying 0 resource
2017-02-06 19:25:08,353 [Worker-63] WARN  o.e.m.c.i.embedder.EclipseLogger - Using platform encoding (UTF-8 actually) to copy filtered resources, i.e. build is platform dependent!
2017-02-06 19:25:08,354 [Worker-63] INFO  o.e.m.c.i.embedder.EclipseLogger - skip non existing resourceDirectory /Users/radum/home/tools/dude/dude/src/test/resources
2017-02-06 19:25:09,300 [Worker-58] WARN  o.e.m.c.i.embedder.EclipseLogger - The POM for com.google.code.gson:gson:jar:2.5=6.2 is missing, no dependency information available
2017-02-06 19:25:09,309 [Worker-58] WARN  o.e.m.c.i.embedder.EclipseLogger - The POM for com.google.code.gson:gson:jar:2.5=6.2 is missing, no dependency information available
2017-02-06 19:25:17,187 [Worker-44] INFO  o.e.m.i.launch.MavenLaunchDelegate - /Users/radum/home/tools/dude/dude
2017-02-06 19:25:17,187 [Worker-44] INFO  o.e.m.i.launch.MavenLaunchDelegate -  mvn -B clean
2017-02-06 19:25:19,136 [Worker-48] WARN  o.e.m.c.i.embedder.EclipseLogger - Using platform encoding (UTF-8 actually) to copy filtered resources, i.e. build is platform dependent!
2017-02-06 19:25:19,145 [Worker-48] INFO  o.e.m.c.i.embedder.EclipseLogger - Copying 0 resource
2017-02-06 19:25:19,147 [Worker-48] WARN  o.e.m.c.i.embedder.EclipseLogger - Using platform encoding (UTF-8 actually) to copy filtered resources, i.e. build is platform dependent!
2017-02-06 19:25:19,148 [Worker-48] INFO  o.e.m.c.i.embedder.EclipseLogger - skip non existing resourceDirectory /Users/radum/home/tools/dude/dude/src/test/resources
2017-02-06 19:25:25,586 [main] INFO  o.e.m2e.actions.ExecutePomAction - Creating new launch configuration
2017-02-06 19:25:59,896 [Worker-48] INFO  o.e.m.i.launch.MavenLaunchDelegate - /Users/radum/home/tools/dude/dude
2017-02-06 19:25:59,896 [Worker-48] INFO  o.e.m.i.launch.MavenLaunchDelegate -  mvn -B install
2017-02-06 19:27:02,384 [Worker-62] INFO  o.e.m.c.i.l.LifecycleMappingFactory - Using org.eclipse.m2e.jdt.JarLifecycleMapping lifecycle mapping for MavenProject: dude:dude:1.0.0-SNAPSHOT @ /Users/radum/home/tools/dude/dude/pom.xml.
2017-02-06 19:27:03,497 [Worker-62] INFO  o.e.m.c.i.e.AbstractTransferListenerAdapter - Downloaded https://repo.maven.apache.org/maven2/com/google/code/gson/gson/2.8.1/gson-2.8.1.pom
2017-02-06 19:27:03,499 [Worker-62] WARN  o.e.m.c.i.embedder.EclipseLogger - The POM for com.google.code.gson:gson:jar:2.8.1 is missing, no dependency information available
2017-02-06 19:27:04,316 [Worker-62] INFO  o.e.m.c.i.e.AbstractTransferListenerAdapter - Downloaded https://repo.maven.apache.org/maven2/com/google/code/gson/gson/2.8.1/gson-2.8.1.jar
2017-02-06 19:27:04,379 [Worker-48] WARN  o.e.m.c.i.embedder.EclipseLogger - The POM for com.google.code.gson:gson:jar:2.8.1 is missing, no dependency information available
2017-02-06 19:27:04,388 [Worker-48] WARN  o.e.m.c.i.embedder.EclipseLogger - The POM for com.google.code.gson:gson:jar:2.8.1 is missing, no dependency information available
2017-02-06 19:27:04,518 [Worker-62] WARN  o.e.m.c.i.embedder.EclipseLogger - Using platform encoding (UTF-8 actually) to copy filtered resources, i.e. build is platform dependent!
2017-02-06 19:27:04,521 [Worker-62] INFO  o.e.m.c.i.embedder.EclipseLogger - Copying 0 resource
2017-02-06 19:27:04,526 [Worker-62] WARN  o.e.m.c.i.embedder.EclipseLogger - Using platform encoding (UTF-8 actually) to copy filtered resources, i.e. build is platform dependent!
2017-02-06 19:27:04,527 [Worker-62] INFO  o.e.m.c.i.embedder.EclipseLogger - skip non existing resourceDirectory /Users/radum/home/tools/dude/dude/src/test/resources
2017-02-06 19:27:48,240 [Worker-62] INFO  o.e.m.c.i.l.LifecycleMappingFactory - Using org.eclipse.m2e.jdt.JarLifecycleMapping lifecycle mapping for MavenProject: dude:dude:1.0.0-SNAPSHOT @ /Users/radum/home/tools/dude/dude/pom.xml.
2017-02-06 19:27:48,243 [Worker-62] WARN  o.e.m.c.i.embedder.EclipseLogger - The POM for com.google.code.gson:gson:jar:2.8.1 is missing, no dependency information available
2017-02-06 19:27:48,434 [Worker-62] WARN  o.e.m.c.i.embedder.EclipseLogger - Using platform encoding (UTF-8 actually) to copy filtered resources, i.e. build is platform dependent!
2017-02-06 19:27:48,437 [Worker-62] INFO  o.e.m.c.i.embedder.EclipseLogger - Copying 0 resource
2017-02-06 19:27:48,440 [Worker-62] WARN  o.e.m.c.i.embedder.EclipseLogger - Using platform encoding (UTF-8 actually) to copy filtered resources, i.e. build is platform dependent!
2017-02-06 19:27:48,442 [Worker-62] INFO  o.e.m.c.i.embedder.EclipseLogger - skip non existing resourceDirectory /Users/radum/home/tools/dude/dude/src/test/resources
2017-02-06 19:27:48,679 [Worker-48] WARN  o.e.m.c.i.embedder.EclipseLogger - The POM for com.google.code.gson:gson:jar:2.8.1 is missing, no dependency information available
2017-02-06 19:27:48,686 [Worker-48] WARN  o.e.m.c.i.embedder.EclipseLogger - The POM for com.google.code.gson:gson:jar:2.8.1 is missing, no dependency information available
2017-02-06 19:27:58,130 [Worker-55] INFO  o.e.m.i.launch.MavenLaunchDelegate - /Users/radum/home/tools/dude/dude
2017-02-06 19:27:58,130 [Worker-55] INFO  o.e.m.i.launch.MavenLaunchDelegate -  mvn -B install
2017-02-07 10:16:53,816 [Worker-128] INFO  o.e.m.c.i.p.ProjectConfigurationManager - Update started
2017-02-07 10:16:53,859 [Worker-128] INFO  o.e.m.c.i.p.ProjectConfigurationManager - Update completed: 0 sec
